\BOOKMARK [1][-]{section*.1}{\376\377\000A\000b\000s\000t\000r\000a\000c\000t}{}% 1
\BOOKMARK [1][-]{section.1}{\376\377\0001\000\040\000I\000n\000t\000r\000o\000d\000u\000c\000t\000i\000o\000n}{}% 2
\BOOKMARK [1][-]{section.2}{\376\377\0002\000\040\000R\000e\000l\000a\000t\000e\000d\000\040\000W\000o\000r\000k}{}% 3
\BOOKMARK [2][-]{subsection.2.1}{\376\377\0002\000.\0001\000\040\000P\000e\000r\000s\000o\000n\000a\000l\000\040\000I\000n\000f\000o\000r\000m\000a\000t\000i\000o\000n\000\040\000M\000a\000n\000a\000g\000e\000m\000e\000n\000t}{section.2}% 4
\BOOKMARK [2][-]{subsection.2.2}{\376\377\0002\000.\0002\000\040\000K\000n\000o\000w\000l\000e\000d\000g\000e\000\040\000G\000r\000a\000p\000h\000s\000\040\000a\000n\000d\000\040\000E\000n\000t\000i\000t\000y\000\040\000E\000x\000t\000r\000a\000c\000t\000i\000o\000n}{section.2}% 5
\BOOKMARK [2][-]{subsection.2.3}{\376\377\0002\000.\0003\000\040\000M\000e\000m\000o\000r\000y\000-\000A\000u\000g\000m\000e\000n\000t\000e\000d\000\040\000A\000I\000\040\000S\000y\000s\000t\000e\000m\000s}{section.2}% 6
\BOOKMARK [2][-]{subsection.2.4}{\376\377\0002\000.\0004\000\040\000D\000i\000g\000i\000t\000a\000l\000\040\000F\000o\000o\000t\000p\000r\000i\000n\000t\000\040\000A\000n\000a\000l\000y\000s\000i\000s}{section.2}% 7
\BOOKMARK [2][-]{subsection.2.5}{\376\377\0002\000.\0005\000\040\000P\000r\000i\000v\000a\000c\000y\000-\000P\000r\000e\000s\000e\000r\000v\000i\000n\000g\000\040\000A\000I}{section.2}% 8
\BOOKMARK [1][-]{section.3}{\376\377\0003\000\040\000S\000y\000s\000t\000e\000m\000\040\000A\000r\000c\000h\000i\000t\000e\000c\000t\000u\000r\000e}{}% 9
\BOOKMARK [2][-]{subsection.3.1}{\376\377\0003\000.\0001\000\040\000D\000e\000s\000i\000g\000n\000\040\000P\000r\000i\000n\000c\000i\000p\000l\000e\000s}{section.3}% 10
\BOOKMARK [2][-]{subsection.3.2}{\376\377\0003\000.\0002\000\040\000M\000u\000l\000t\000i\000-\000S\000o\000u\000r\000c\000e\000\040\000D\000a\000t\000a\000\040\000F\000u\000s\000i\000o\000n}{section.3}% 11
\BOOKMARK [2][-]{subsection.3.3}{\376\377\0003\000.\0003\000\040\000S\000t\000o\000r\000a\000g\000e\000\040\000A\000r\000c\000h\000i\000t\000e\000c\000t\000u\000r\000e}{section.3}% 12
\BOOKMARK [2][-]{subsection.3.4}{\376\377\0003\000.\0004\000\040\000L\000L\000M\000\040\000I\000n\000t\000e\000g\000r\000a\000t\000i\000o\000n\000\040\000L\000a\000y\000e\000r}{section.3}% 13
\BOOKMARK [1][-]{section.4}{\376\377\0004\000\040\000A\000n\000a\000l\000y\000s\000i\000s\000\040\000P\000i\000p\000e\000l\000i\000n\000e}{}% 14
\BOOKMARK [2][-]{subsection.4.1}{\376\377\0004\000.\0001\000\040\000E\000i\000g\000h\000t\000-\000S\000t\000a\000g\000e\000\040\000P\000i\000p\000e\000l\000i\000n\000e}{section.4}% 15
\BOOKMARK [2][-]{subsection.4.2}{\376\377\0004\000.\0002\000\040\000T\000i\000m\000e\000\040\000W\000i\000n\000d\000o\000w\000\040\000S\000t\000r\000a\000t\000e\000g\000y}{section.4}% 16
\BOOKMARK [2][-]{subsection.4.3}{\376\377\0004\000.\0003\000\040\000P\000r\000o\000m\000p\000t\000\040\000E\000n\000g\000i\000n\000e\000e\000r\000i\000n\000g}{section.4}% 17
\BOOKMARK [1][-]{section.5}{\376\377\0005\000\040\000Q\000u\000e\000r\000y\000\040\000a\000n\000d\000\040\000R\000e\000t\000r\000i\000e\000v\000a\000l\000\040\000S\000y\000s\000t\000e\000m}{}% 18
\BOOKMARK [2][-]{subsection.5.1}{\376\377\0005\000.\0001\000\040\000H\000y\000b\000r\000i\000d\000\040\000S\000e\000a\000r\000c\000h}{section.5}% 19
\BOOKMARK [2][-]{subsection.5.2}{\376\377\0005\000.\0002\000\040\000R\000A\000G\000\040\000P\000i\000p\000e\000l\000i\000n\000e}{section.5}% 20
\BOOKMARK [2][-]{subsection.5.3}{\376\377\0005\000.\0003\000\040\000C\000o\000n\000v\000e\000r\000s\000a\000t\000i\000o\000n\000a\000l\000\040\000I\000n\000t\000e\000r\000f\000a\000c\000e}{section.5}% 21
\BOOKMARK [1][-]{section.6}{\376\377\0006\000\040\000P\000r\000i\000v\000a\000c\000y\000\040\000A\000r\000c\000h\000i\000t\000e\000c\000t\000u\000r\000e}{}% 22
\BOOKMARK [2][-]{subsection.6.1}{\376\377\0006\000.\0001\000\040\000T\000h\000r\000e\000a\000t\000\040\000M\000o\000d\000e\000l}{section.6}% 23
\BOOKMARK [2][-]{subsection.6.2}{\376\377\0006\000.\0002\000\040\000M\000i\000t\000i\000g\000a\000t\000i\000o\000n\000s}{section.6}% 24
\BOOKMARK [1][-]{section.7}{\376\377\0007\000\040\000I\000m\000p\000l\000e\000m\000e\000n\000t\000a\000t\000i\000o\000n}{}% 25
\BOOKMARK [1][-]{section.8}{\376\377\0008\000\040\000E\000v\000a\000l\000u\000a\000t\000i\000o\000n}{}% 26
\BOOKMARK [2][-]{subsection.8.1}{\376\377\0008\000.\0001\000\040\000Q\000u\000a\000n\000t\000i\000t\000a\000t\000i\000v\000e\000\040\000A\000n\000a\000l\000y\000s\000i\000s}{section.8}% 27
\BOOKMARK [2][-]{subsection.8.2}{\376\377\0008\000.\0002\000\040\000C\000a\000s\000e\000\040\000S\000t\000u\000d\000y\000:\000\040\000T\000w\000o\000\040\000Y\000e\000a\000r\000s\000\040\000o\000f\000\040\000P\000e\000r\000s\000o\000n\000a\000l\000\040\000E\000v\000o\000l\000u\000t\000i\000o\000n}{section.8}% 28
\BOOKMARK [2][-]{subsection.8.3}{\376\377\0008\000.\0003\000\040\000S\000y\000s\000t\000e\000m\000\040\000P\000e\000r\000f\000o\000r\000m\000a\000n\000c\000e}{section.8}% 29
\BOOKMARK [2][-]{subsection.8.4}{\376\377\0008\000.\0004\000\040\000L\000i\000m\000i\000t\000a\000t\000i\000o\000n\000s}{section.8}% 30
\BOOKMARK [2][-]{subsection.8.5}{\376\377\0008\000.\0005\000\040\000E\000t\000h\000i\000c\000s\000\040\000S\000t\000a\000t\000e\000m\000e\000n\000t}{section.8}% 31
\BOOKMARK [2][-]{subsection.8.6}{\376\377\0008\000.\0006\000\040\000O\000p\000e\000n\000\040\000S\000c\000i\000e\000n\000c\000e}{section.8}% 32
\BOOKMARK [1][-]{section.9}{\376\377\0009\000\040\000D\000i\000s\000c\000u\000s\000s\000i\000o\000n}{}% 33
\BOOKMARK [1][-]{section.10}{\376\377\0001\0000\000\040\000C\000o\000n\000c\000l\000u\000s\000i\000o\000n}{}% 34
\BOOKMARK [1][-]{section*.11}{\376\377\000R\000e\000f\000e\000r\000e\000n\000c\000e\000s}{}% 35
